Darknet not found, restart 1583788007
Darknet not found, restart 1583788420
Darknet not found, restart 1583789402
Swap overload, restart 1583789402
Swap overload, restart 1583789411
Swap overload, restart 1583789416
Swap overload, restart 1583789421
Swap overload, restart 1583789426
Swap overload, restart 1583789431
Swap overload, restart 1583789436
Swap overload, restart 1583789441
Swap overload, restart 1583789445
Swap overload, restart 1583789450
Swap overload, restart 1583789455
Swap overload, restart 1583789460
Swap overload, restart 1583789465
Darknet not found, restart 1583789469
Too much resource, restart 1583789633
Overload, restart 1583789693
Overload, restart 1583789703
Overload, restart 1583789744
Overload, restart 1583789749
Overload, restart 1583789754
Overload, restart 1583789758
Overload, restart 1583789763
Too much resource, restart 2020-03-10 05:38:27
Too much resource, restart 2020-03-10 05:40:54
Overload, restart 2020-03-10 05:44:50
Too much resource, restart 2020-03-10 05:50:53
